<?xml version="1.0" encoding="UTF-8"?>
<!-- Generated by org.testng.reporters.JUnitReportReporter -->
<testsuite hostname="ChalfontHome" failures="0" tests="1" name="login.TC_Fossil" time="6.902" errors="0" timestamp="2023-10-04T15:23:03 BST" skipped="0">
  <testcase classname="login.TC_Fossil" name="Fossil" time="6.902"/>
  <system-out/>
</testsuite> <!-- login.TC_Fossil -->
