<?xml version="1.0" encoding="UTF-8"?>
<!-- Generated by org.testng.reporters.JUnitReportReporter -->
<testsuite hostname="ChalfontHome" failures="0" tests="1" name="login.TC_login_001_test" time="6.141" errors="0" timestamp="2023-10-04T15:17:54 BST" skipped="0">
  <testcase classname="login.TC_login_001_test" name="login" time="6.141"/>
  <system-out/>
</testsuite> <!-- login.TC_login_001_test -->
