<?xml version="1.0" encoding="UTF-8"?>
<!-- Generated by org.testng.reporters.JUnitReportReporter -->
<testsuite hostname="ChalfontHome" failures="0" tests="1" name="accounts.TC_Accounts_SA_001_test" time="5.903" errors="0" timestamp="2023-10-04T15:02:18 BST" skipped="0">
  <testcase classname="accounts.TC_Accounts_SA_001_test" name="next" time="5.903"/>
  <system-out/>
</testsuite> <!-- accounts.TC_Accounts_SA_001_test -->
